<?xml version="1.0" encoding="UTF-8"?>
<testsuite name="com.hi.dao.JoinBoardDaoImplTest" tests="3" skipped="0" failures="0" errors="0" timestamp="2022-11-06T04:25:41" hostname="bagsang-won-ui-MacBookAir.local" time="0.949">
  <properties/>
  <testcase name="searchTest()" classname="com.hi.dao.JoinBoardDaoImplTest" time="0.535"/>
  <testcase name="searchCountTest()" classname="com.hi.dao.JoinBoardDaoImplTest" time="0.207"/>
  <testcase name="countTest()" classname="com.hi.dao.JoinBoardDaoImplTest" time="0.207"/>
  <system-out><![CDATA[13:25:36.811 [Test worker] DEBUG org.springframework.test.context.BootstrapUtils - Instantiating CacheAwareContextLoaderDelegate from class [org.springframework.test.context.cache.DefaultCacheAwareContextLoaderDelegate]
13:25:36.817 [Test worker] DEBUG org.springframework.test.context.BootstrapUtils - Instantiating BootstrapContext using constructor [public org.springframework.test.context.support.DefaultBootstrapContext(java.lang.Class,org.springframework.test.context.CacheAwareContextLoaderDelegate)]
13:25:36.836 [Test worker] DEBUG org.springframework.test.context.BootstrapUtils - Instantiating TestContextBootstrapper for test class [com.hi.dao.JoinBoardDaoImplTest] from class [org.springframework.boot.test.context.SpringBootTestContextBootstrapper]
13:25:36.843 [Test worker] INFO org.springframework.boot.test.context.SpringBootTestContextBootstrapper - Neither @ContextConfiguration nor @ContextHierarchy found for test class [com.hi.dao.JoinBoardDaoImplTest], using SpringBootContextLoader
13:25:36.845 [Test worker] DEBUG org.springframework.test.context.support.AbstractContextLoader - Did not detect default resource location for test class [com.hi.dao.JoinBoardDaoImplTest]: class path resource [com/hi/dao/JoinBoardDaoImplTest-context.xml] does not exist
13:25:36.845 [Test worker] DEBUG org.springframework.test.context.support.AbstractContextLoader - Did not detect default resource location for test class [com.hi.dao.JoinBoardDaoImplTest]: class path resource [com/hi/dao/JoinBoardDaoImplTestContext.groovy] does not exist
13:25:36.845 [Test worker] INFO org.springframework.test.context.support.AbstractContextLoader - Could not detect default resource locations for test class [com.hi.dao.JoinBoardDaoImplTest]: no resource found for suffixes {-context.xml, Context.groovy}.
13:25:36.846 [Test worker] INFO org.springframework.test.context.support.AnnotationConfigContextLoaderUtils - Could not detect default configuration classes for test class [com.hi.dao.JoinBoardDaoImplTest]: JoinBoardDaoImplTest does not declare any static, non-private, non-final, nested classes annotated with @Configuration.
13:25:36.870 [Test worker] DEBUG org.springframework.test.context.support.ActiveProfilesUtils - Could not find an 'annotation declaring class' for annotation type [org.springframework.test.context.ActiveProfiles] and class [com.hi.dao.JoinBoardDaoImplTest]
13:25:36.902 [Test worker] DEBUG org.springframework.context.annotation.ClassPathScanningCandidateComponentProvider - Identified candidate component class: file [/Users/park/Desktop/workspace/Hi/build/classes/java/main/com/hi/HiApplication.class]
13:25:36.902 [Test worker] INFO org.springframework.boot.test.context.SpringBootTestContextBootstrapper - Found @SpringBootConfiguration com.hi.HiApplication for test class com.hi.dao.JoinBoardDaoImplTest
13:25:36.960 [Test worker] DEBUG org.springframework.boot.test.context.SpringBootTestContextBootstrapper - @TestExecutionListeners is not present for class [com.hi.dao.JoinBoardDaoImplTest]: using defaults.
13:25:36.960 [Test worker] INFO org.springframework.boot.test.context.SpringBootTestContextBootstrapper - Loaded default TestExecutionListener class names from location [META-INF/spring.factories]: [org.springframework.security.test.context.support.WithSecurityContextTestExecutionListener, org.springframework.security.test.context.support.ReactorContextTestExecutionListener, org.springframework.boot.test.autoconfigure.restdocs.RestDocsTestExecutionListener, org.springframework.boot.test.autoconfigure.web.client.MockRestServiceServerResetTestExecutionListener, org.springframework.boot.test.autoconfigure.web.servlet.MockMvcPrintOnlyOnFailureTestExecutionListener, org.springframework.boot.test.autoconfigure.web.servlet.WebDriverTestExecutionListener, org.springframework.boot.test.autoconfigure.webservices.client.MockWebServiceServerTestExecutionListener, org.springframework.boot.test.mock.mockito.MockitoTestExecutionListener, org.springframework.boot.test.mock.mockito.ResetMocksTestExecutionListener, org.springframework.test.context.web.ServletTestExecutionListener, org.springframework.test.context.support.DirtiesContextBeforeModesTestExecutionListener, org.springframework.test.context.event.ApplicationEventsTestExecutionListener, org.springframework.test.context.support.DependencyInjectionTestExecutionListener, org.springframework.test.context.support.DirtiesContextTestExecutionListener, org.springframework.test.context.transaction.TransactionalTestExecutionListener, org.springframework.test.context.jdbc.SqlScriptsTestExecutionListener, org.springframework.test.context.event.EventPublishingTestExecutionListener]
13:25:36.971 [Test worker] INFO org.springframework.boot.test.context.SpringBootTestContextBootstrapper - Using TestExecutionListeners: [org.springframework.test.context.web.ServletTestExecutionListener@3c291aad, org.springframework.test.context.support.DirtiesContextBeforeModesTestExecutionListener@2d0566ba, org.springframework.test.context.event.ApplicationEventsTestExecutionListener@733037, org.springframework.boot.test.mock.mockito.MockitoTestExecutionListener@7728643a, org.springframework.boot.test.autoconfigure.SpringBootDependencyInjectionTestExecutionListener@320e400, org.springframework.test.context.support.DirtiesContextTestExecutionListener@5167268, org.springframework.test.context.transaction.TransactionalTestExecutionListener@1cfd1875, org.springframework.test.context.jdbc.SqlScriptsTestExecutionListener@28c0b664, org.springframework.security.test.context.support.WithSecurityContextTestExecutionListener@2c444798, org.springframework.test.context.event.EventPublishingTestExecutionListener@1af7f54a, org.springframework.security.test.context.support.ReactorContextTestExecutionListener@6ebd78d1, org.springframework.boot.test.autoconfigure.restdocs.RestDocsTestExecutionListener@436390f4, org.springframework.boot.test.autoconfigure.web.client.MockRestServiceServerResetTestExecutionListener@4d157787, org.springframework.boot.test.autoconfigure.web.servlet.MockMvcPrintOnlyOnFailureTestExecutionListener@68ed96ca, org.springframework.boot.test.autoconfigure.web.servlet.WebDriverTestExecutionListener@6d1310f6, org.springframework.boot.test.autoconfigure.webservices.client.MockWebServiceServerTestExecutionListener@3228d990, org.springframework.boot.test.mock.mockito.ResetMocksTestExecutionListener@54e7391d]
13:25:36.973 [Test worker] DEBUG org.springframework.test.context.support.AbstractDirtiesContextTestExecutionListener - Before test class: context [DefaultTestContext@3f2049b6 testClass = JoinBoardDaoImplTest, testInstance = [null], testMethod = [null], testException = [null], mergedContextConfiguration = [WebMergedContextConfiguration@10b3df93 testClass = JoinBoardDaoImplTest, locations = '{}', classes = '{class com.hi.HiApplication}', contextInitializerClasses = '[]', activeProfiles = '{}', propertySourceLocations = '{}', propertySourceProperties = '{org.springframework.boot.test.context.SpringBootTestContextBootstrapper=true}', contextCustomizers = set[org.springframework.boot.test.autoconfigure.actuate.metrics.MetricsExportContextCustomizerFactory$DisableMetricExportContextCustomizer@5dd91bca, org.springframework.boot.test.autoconfigure.properties.PropertyMappingContextCustomizer@0, org.springframework.boot.test.autoconfigure.web.servlet.WebDriverContextCustomizerFactory$Customizer@7c209437, org.springframework.boot.test.context.filter.ExcludeFilterContextCustomizer@4febb875, org.springframework.boot.test.json.DuplicateJsonObjectContextCustomizerFactory$DuplicateJsonObjectContextCustomizer@10c626be, org.springframework.boot.test.mock.mockito.MockitoContextCustomizer@0, org.springframework.boot.test.web.client.TestRestTemplateContextCustomizer@19ae6bb, org.springframework.boot.test.context.SpringBootTestArgs@1, org.springframework.boot.test.context.SpringBootTestWebEnvironment@6ca18a14], resourceBasePath = 'src/main/webapp', contextLoader = 'org.springframework.boot.test.context.SpringBootContextLoader', parent = [null]], attributes = map['org.springframework.test.context.web.ServletTestExecutionListener.activateListener' -> true]], class annotated with @DirtiesContext [false] with mode [null].
13:25:37.011 [Test worker] DEBUG org.springframework.boot.ApplicationServletEnvironment - Activating profiles []
13:25:37.012 [Test worker] DEBUG org.springframework.test.context.support.TestPropertySourceUtils - Adding inlined properties to environment: {spring.jmx.enabled=false, org.springframework.boot.test.context.SpringBootTestContextBootstrapper=true}

  .   ____          _            __ _ _
 /\\ / ___'_ __ _ _(_)_ __  __ _ \ \ \ \
( ( )\___ | '_ | '_| | '_ \/ _` | \ \ \ \
 \\/  ___)| |_)| | | | | || (_| |  ) ) ) )
  '  |____| .__|_| |_|_| |_\__, | / / / /
 =========|_|==============|___/=/_/_/_/
 :: Spring Boot ::                (v2.6.0)

2022-11-06 13:25:37.164  INFO 56257 --- [    Test worker] com.hi.dao.JoinBoardDaoImplTest          : Starting JoinBoardDaoImplTest using Java 11.0.16.1 on bagsang-won-ui-MacBookAir.local with PID 56257 (started by park in /Users/park/Desktop/workspace/Hi)
2022-11-06 13:25:37.165  INFO 56257 --- [    Test worker] com.hi.dao.JoinBoardDaoImplTest          : No active profile set, falling back to default profiles: default
2022-11-06 13:25:37.562  INFO 56257 --- [    Test worker] .s.d.r.c.RepositoryConfigurationDelegate : Bootstrapping Spring Data JPA repositories in DEFAULT mode.
2022-11-06 13:25:37.577  INFO 56257 --- [    Test worker] .s.d.r.c.RepositoryConfigurationDelegate : Finished Spring Data repository scanning in 10 ms. Found 0 JPA repository interfaces.
2022-11-06 13:25:37.646  WARN 56257 --- [    Test worker] o.m.s.mapper.ClassPathMapperScanner      : No MyBatis mapper was found in '[com.hi]' package. Please check your configuration.
2022-11-06 13:25:37.923  INFO 56257 --- [    Test worker] com.zaxxer.hikari.HikariDataSource       : HikariPool-1 - Starting...
2022-11-06 13:25:40.201  INFO 56257 --- [    Test worker] com.zaxxer.hikari.HikariDataSource       : HikariPool-1 - Start completed.
2022-11-06 13:25:40.271  INFO 56257 --- [    Test worker] o.hibernate.jpa.internal.util.LogHelper  : HHH000204: Processing PersistenceUnitInfo [name: default]
2022-11-06 13:25:40.301  INFO 56257 --- [    Test worker] org.hibernate.Version                    : HHH000412: Hibernate ORM core version 5.6.1.Final
2022-11-06 13:25:40.395  INFO 56257 --- [    Test worker] o.hibernate.annotations.common.Version   : HCANN000001: Hibernate Commons Annotations {5.1.2.Final}
2022-11-06 13:25:40.472  INFO 56257 --- [    Test worker] org.hibernate.dialect.Dialect            : HHH000400: Using dialect: org.hibernate.dialect.MySQL8Dialect
2022-11-06 13:25:40.898  INFO 56257 --- [    Test worker] o.h.e.t.j.p.i.JtaPlatformInitiator       : HHH000490: Using JtaPlatform implementation: [org.hibernate.engine.transaction.jta.platform.internal.NoJtaPlatform]
2022-11-06 13:25:40.903  INFO 56257 --- [    Test worker] j.LocalContainerEntityManagerFactoryBean : Initialized JPA EntityManagerFactory for persistence unit 'default'
2022-11-06 13:25:41.342  INFO 56257 --- [    Test worker] o.s.s.web.DefaultSecurityFilterChain     : Will secure any request with [org.springframework.security.web.context.request.async.WebAsyncManagerIntegrationFilter@62a6a47e, org.springframework.security.web.context.SecurityContextPersistenceFilter@7307ae6, org.springframework.security.web.header.HeaderWriterFilter@3cc548f6, org.springframework.web.filter.CorsFilter@59cb10e0, org.springframework.security.web.authentication.logout.LogoutFilter@5aa5b3af, com.hi.config.JwtAuthenticationFilter@4645a575, com.hi.config.JwtAuthorizationFilter@b332eda, org.springframework.security.web.savedrequest.RequestCacheAwareFilter@724e0a77, org.springframework.security.web.servletapi.SecurityContextHolderAwareRequestFilter@1ce45e18, org.springframework.security.web.authentication.AnonymousAuthenticationFilter@6bf70600, org.springframework.security.web.session.SessionManagementFilter@3549c070, org.springframework.security.web.access.ExceptionTranslationFilter@22cce199, org.springframework.security.web.access.intercept.FilterSecurityInterceptor@2a9f7572]
2022-11-06 13:25:41.576  WARN 56257 --- [    Test worker] JpaBaseConfiguration$JpaWebConfiguration : spring.jpa.open-in-view is enabled by default. Therefore, database queries may be performed during view rendering. Explicitly configure spring.jpa.open-in-view to disable this warning
2022-11-06 13:25:41.656  INFO 56257 --- [    Test worker] com.hi.dao.JoinBoardDaoImplTest          : Started JoinBoardDaoImplTest in 4.642 seconds (JVM running for 5.348)

==============================
listSize = 1
JoinBoardDto(board_id=6, title=25 맛집 탐방, created_at=2022-06-01 11:03:40, updated_at=2022-06-01 11:03:40, region=스위스, go_with_start=2022-06-11, go_with_end=2022-06-17, content=25살이고 맛집 구, nickname=user2, gender=MALE, together=4)


==============================
result = 3


==============================
result = 56

]]></system-out>
  <system-err><![CDATA[Loading class `com.mysql.jdbc.Driver'. This is deprecated. The new driver class is `com.mysql.cj.jdbc.Driver'. The driver is automatically registered via the SPI and manual loading of the driver class is generally unnecessary.
]]></system-err>
</testsuite>
