<?xml version="1.0" encoding="UTF-8"?>
<testsuite name="com.hi.dao.JoinBoardDaoImplTest" tests="1" skipped="0" failures="0" errors="0" timestamp="2022-06-04T04:22:37" hostname="HG331-MacBookAir.local" time="0.462">
  <properties/>
  <testcase name="selectPage()" classname="com.hi.dao.JoinBoardDaoImplTest" time="0.462"/>
  <system-out><![CDATA[13:22:36.532 [Test worker] DEBUG org.springframework.test.context.BootstrapUtils - Instantiating CacheAwareContextLoaderDelegate from class [org.springframework.test.context.cache.DefaultCacheAwareContextLoaderDelegate]
13:22:36.537 [Test worker] DEBUG org.springframework.test.context.BootstrapUtils - Instantiating BootstrapContext using constructor [public org.springframework.test.context.support.DefaultBootstrapContext(java.lang.Class,org.springframework.test.context.CacheAwareContextLoaderDelegate)]
13:22:36.550 [Test worker] DEBUG org.springframework.test.context.BootstrapUtils - Instantiating TestContextBootstrapper for test class [com.hi.dao.JoinBoardDaoImplTest] from class [org.springframework.boot.test.context.SpringBootTestContextBootstrapper]
13:22:36.555 [Test worker] INFO org.springframework.boot.test.context.SpringBootTestContextBootstrapper - Neither @ContextConfiguration nor @ContextHierarchy found for test class [com.hi.dao.JoinBoardDaoImplTest], using SpringBootContextLoader
13:22:36.557 [Test worker] DEBUG org.springframework.test.context.support.AbstractContextLoader - Did not detect default resource location for test class [com.hi.dao.JoinBoardDaoImplTest]: class path resource [com/hi/dao/JoinBoardDaoImplTest-context.xml] does not exist
13:22:36.557 [Test worker] DEBUG org.springframework.test.context.support.AbstractContextLoader - Did not detect default resource location for test class [com.hi.dao.JoinBoardDaoImplTest]: class path resource [com/hi/dao/JoinBoardDaoImplTestContext.groovy] does not exist
13:22:36.557 [Test worker] INFO org.springframework.test.context.support.AbstractContextLoader - Could not detect default resource locations for test class [com.hi.dao.JoinBoardDaoImplTest]: no resource found for suffixes {-context.xml, Context.groovy}.
13:22:36.557 [Test worker] INFO org.springframework.test.context.support.AnnotationConfigContextLoaderUtils - Could not detect default configuration classes for test class [com.hi.dao.JoinBoardDaoImplTest]: JoinBoardDaoImplTest does not declare any static, non-private, non-final, nested classes annotated with @Configuration.
13:22:36.575 [Test worker] DEBUG org.springframework.test.context.support.ActiveProfilesUtils - Could not find an 'annotation declaring class' for annotation type [org.springframework.test.context.ActiveProfiles] and class [com.hi.dao.JoinBoardDaoImplTest]
13:22:36.604 [Test worker] DEBUG org.springframework.context.annotation.ClassPathScanningCandidateComponentProvider - Identified candidate component class: file [/Users/chan/IntelliJ_Project/hi/build/classes/java/main/com/hi/HiApplication.class]
13:22:36.605 [Test worker] INFO org.springframework.boot.test.context.SpringBootTestContextBootstrapper - Found @SpringBootConfiguration com.hi.HiApplication for test class com.hi.dao.JoinBoardDaoImplTest
13:22:36.647 [Test worker] DEBUG org.springframework.boot.test.context.SpringBootTestContextBootstrapper - @TestExecutionListeners is not present for class [com.hi.dao.JoinBoardDaoImplTest]: using defaults.
13:22:36.647 [Test worker] INFO org.springframework.boot.test.context.SpringBootTestContextBootstrapper - Loaded default TestExecutionListener class names from location [META-INF/spring.factories]: [org.springframework.boot.test.autoconfigure.restdocs.RestDocsTestExecutionListener, org.springframework.boot.test.autoconfigure.web.client.MockRestServiceServerResetTestExecutionListener, org.springframework.boot.test.autoconfigure.web.servlet.MockMvcPrintOnlyOnFailureTestExecutionListener, org.springframework.boot.test.autoconfigure.web.servlet.WebDriverTestExecutionListener, org.springframework.boot.test.autoconfigure.webservices.client.MockWebServiceServerTestExecutionListener, org.springframework.boot.test.mock.mockito.MockitoTestExecutionListener, org.springframework.boot.test.mock.mockito.ResetMocksTestExecutionListener, org.springframework.test.context.web.ServletTestExecutionListener, org.springframework.test.context.support.DirtiesContextBeforeModesTestExecutionListener, org.springframework.test.context.event.ApplicationEventsTestExecutionListener, org.springframework.test.context.support.DependencyInjectionTestExecutionListener, org.springframework.test.context.support.DirtiesContextTestExecutionListener, org.springframework.test.context.transaction.TransactionalTestExecutionListener, org.springframework.test.context.jdbc.SqlScriptsTestExecutionListener, org.springframework.test.context.event.EventPublishingTestExecutionListener]
13:22:36.654 [Test worker] INFO org.springframework.boot.test.context.SpringBootTestContextBootstrapper - Using TestExecutionListeners: [org.springframework.test.context.web.ServletTestExecutionListener@1fc793c2, org.springframework.test.context.support.DirtiesContextBeforeModesTestExecutionListener@2575f671, org.springframework.test.context.event.ApplicationEventsTestExecutionListener@329a1243, org.springframework.boot.test.mock.mockito.MockitoTestExecutionListener@ecf9fb3, org.springframework.boot.test.autoconfigure.SpringBootDependencyInjectionTestExecutionListener@2d35442b, org.springframework.test.context.support.DirtiesContextTestExecutionListener@27f9e982, org.springframework.test.context.transaction.TransactionalTestExecutionListener@4593ff34, org.springframework.test.context.jdbc.SqlScriptsTestExecutionListener@37d3d232, org.springframework.test.context.event.EventPublishingTestExecutionListener@30c0ccff, org.springframework.boot.test.autoconfigure.restdocs.RestDocsTestExecutionListener@581d969c, org.springframework.boot.test.autoconfigure.web.client.MockRestServiceServerResetTestExecutionListener@22db8f4, org.springframework.boot.test.autoconfigure.web.servlet.MockMvcPrintOnlyOnFailureTestExecutionListener@2b46a8c1, org.springframework.boot.test.autoconfigure.web.servlet.WebDriverTestExecutionListener@1d572e62, org.springframework.boot.test.autoconfigure.webservices.client.MockWebServiceServerTestExecutionListener@29caf222, org.springframework.boot.test.mock.mockito.ResetMocksTestExecutionListener@46cf05f7]
13:22:36.656 [Test worker] DEBUG org.springframework.test.context.support.AbstractDirtiesContextTestExecutionListener - Before test class: context [DefaultTestContext@3c291aad testClass = JoinBoardDaoImplTest, testInstance = [null], testMethod = [null], testException = [null], mergedContextConfiguration = [WebMergedContextConfiguration@2d0566ba testClass = JoinBoardDaoImplTest, locations = '{}', classes = '{class com.hi.HiApplication}', contextInitializerClasses = '[]', activeProfiles = '{}', propertySourceLocations = '{}', propertySourceProperties = '{org.springframework.boot.test.context.SpringBootTestContextBootstrapper=true}', contextCustomizers = set[org.springframework.boot.test.autoconfigure.actuate.metrics.MetricsExportContextCustomizerFactory$DisableMetricExportContextCustomizer@607fbe09, org.springframework.boot.test.autoconfigure.properties.PropertyMappingContextCustomizer@0, org.springframework.boot.test.autoconfigure.web.servlet.WebDriverContextCustomizerFactory$Customizer@53d1b9b3, org.springframework.boot.test.context.filter.ExcludeFilterContextCustomizer@7e928e2f, org.springframework.boot.test.json.DuplicateJsonObjectContextCustomizerFactory$DuplicateJsonObjectContextCustomizer@1698ee84, org.springframework.boot.test.mock.mockito.MockitoContextCustomizer@0, org.springframework.boot.test.web.client.TestRestTemplateContextCustomizer@5af3a0f, org.springframework.boot.test.context.SpringBootTestArgs@1, org.springframework.boot.test.context.SpringBootTestWebEnvironment@730d2164], resourceBasePath = 'src/main/webapp', contextLoader = 'org.springframework.boot.test.context.SpringBootContextLoader', parent = [null]], attributes = map['org.springframework.test.context.web.ServletTestExecutionListener.activateListener' -> true]], class annotated with @DirtiesContext [false] with mode [null].

  .   ____          _            __ _ _
 /\\ / ___'_ __ _ _(_)_ __  __ _ \ \ \ \
( ( )\___ | '_ | '_| | '_ \/ _` | \ \ \ \
 \\/  ___)| |_)| | | | | || (_| |  ) ) ) )
  '  |____| .__|_| |_|_| |_\__, | / / / /
 =========|_|==============|___/=/_/_/_/
 :: Spring Boot ::                (v2.7.0)

2022-06-04 13:22:36.814  INFO 61598 --- [    Test worker] com.hi.dao.JoinBoardDaoImplTest          : Starting JoinBoardDaoImplTest using Java 11.0.13 on HG331-MacBookAir.local with PID 61598 (started by chan in /Users/chan/IntelliJ_Project/hi)
2022-06-04 13:22:36.815  INFO 61598 --- [    Test worker] com.hi.dao.JoinBoardDaoImplTest          : No active profile set, falling back to 1 default profile: "default"
2022-06-04 13:22:37.114  WARN 61598 --- [    Test worker] o.m.s.mapper.ClassPathMapperScanner      : No MyBatis mapper was found in '[com.hi]' package. Please check your configuration.
2022-06-04 13:22:37.690  INFO 61598 --- [    Test worker] com.hi.dao.JoinBoardDaoImplTest          : Started JoinBoardDaoImplTest in 1.019 seconds (JVM running for 1.644)
2022-06-04 13:22:37.902  INFO 61598 --- [    Test worker] com.zaxxer.hikari.HikariDataSource       : HikariPool-1 - Starting...
2022-06-04 13:22:38.118  INFO 61598 --- [    Test worker] com.zaxxer.hikari.HikariDataSource       : HikariPool-1 - Start completed.
[JoinBoardDto{board_id=57, title='title42', create_at=2022-06-04 10:32:23, update_at=2022-06-04 10:32:23, region='파리', go_with_start=2022-05-17, go_with_end=2022-05-19, content='content142', nickname='null', gender='null', together='2'}, JoinBoardDto{board_id=56, title='title41', create_at=2022-06-04 10:32:23, update_at=2022-06-04 10:32:23, region='파리', go_with_start=2022-05-17, go_with_end=2022-05-19, content='content141', nickname='null', gender='null', together='2'}, JoinBoardDto{board_id=55, title='title40', create_at=2022-06-04 10:28:25, update_at=2022-06-04 10:28:25, region='파리', go_with_start=2022-05-17, go_with_end=2022-05-19, content='content140', nickname='null', gender='null', together='2'}, JoinBoardDto{board_id=54, title='title39', create_at=2022-06-04 10:28:25, update_at=2022-06-04 10:28:25, region='파리', go_with_start=2022-05-17, go_with_end=2022-05-19, content='content139', nickname='null', gender='null', together='2'}, JoinBoardDto{board_id=53, title='title38', create_at=2022-06-04 10:28:25, update_at=2022-06-04 10:28:25, region='파리', go_with_start=2022-05-17, go_with_end=2022-05-19, content='content138', nickname='null', gender='null', together='2'}, JoinBoardDto{board_id=52, title='title37', create_at=2022-06-04 10:28:25, update_at=2022-06-04 10:28:25, region='파리', go_with_start=2022-05-17, go_with_end=2022-05-19, content='content137', nickname='null', gender='null', together='2'}, JoinBoardDto{board_id=51, title='title36', create_at=2022-06-04 10:28:25, update_at=2022-06-04 10:28:25, region='파리', go_with_start=2022-05-17, go_with_end=2022-05-19, content='content136', nickname='null', gender='null', together='2'}, JoinBoardDto{board_id=50, title='title35', create_at=2022-06-04 10:28:25, update_at=2022-06-04 10:28:25, region='파리', go_with_start=2022-05-17, go_with_end=2022-05-19, content='content135', nickname='null', gender='null', together='2'}, JoinBoardDto{board_id=49, title='title34', create_at=2022-06-04 10:28:25, update_at=2022-06-04 10:28:25, region='파리', go_with_start=2022-05-17, go_with_end=2022-05-19, content='content134', nickname='null', gender='null', together='2'}, JoinBoardDto{board_id=48, title='title33', create_at=2022-06-04 10:28:25, update_at=2022-06-04 10:28:25, region='파리', go_with_start=2022-05-17, go_with_end=2022-05-19, content='content133', nickname='null', gender='null', together='2'}]
]]></system-out>
  <system-err><![CDATA[Loading class `com.mysql.jdbc.Driver'. This is deprecated. The new driver class is `com.mysql.cj.jdbc.Driver'. The driver is automatically registered via the SPI and manual loading of the driver class is generally unnecessary.
]]></system-err>
</testsuite>
